# JRE version: Java(TM) SE Runtime Environment (8.0_40-b26) (build 1.8.0_40-b26)
# Java VM: Java HotSpot(TM) 64-Bit Server VM (25.40-b25 mixed mode linux-amd64 compressed oops)
Heap:
 PSYoungGen      total 17920K, used 8981K [0x00000000ec100000, 0x00000000ee400000, 0x0000000100000000)
  eden space 15360K, 41% used [0x00000000ec100000,0x00000000ec7494d0,0x00000000ed000000)
  from space 2560K, 99% used [0x00000000ed000000,0x00000000ed27c020,0x00000000ed280000)
  to   space 2560K, 0% used [0x00000000ee180000,0x00000000ee180000,0x00000000ee400000)
 ParOldGen       total 40960K, used 15570K [0x00000000c4200000, 0x00000000c6a00000, 0x00000000ec100000)
  object space 40960K, 38% used [0x00000000c4200000,0x00000000c5134b00,0x00000000c6a00000)
 Metaspace       used 14824K, capacity 15034K, committed 15232K, reserved 1062912K
  class space    used 1745K, capacity 1810K, committed 1920K, reserved 1048576K
GC Heap History (6 events):
Event: 7.216 GC heap before
{Heap before GC invocations=1 (full 0):
 PSYoungGen      total 17920K, used 15360K [0x00000000ec100000, 0x00000000ed500000, 0x0000000100000000)
  eden space 15360K, 100% used [0x00000000ec100000,0x00000000ed000000,0x00000000ed000000)
  from space 2560K, 0% used [0x00000000ed280000,0x00000000ed280000,0x00000000ed500000)
  to   space 2560K, 0% used [0x00000000ed000000,0x00000000ed000000,0x00000000ed280000)
 ParOldGen       total 40960K, used 0K [0x00000000c4200000, 0x00000000c6a00000, 0x00000000ec100000)
  object space 40960K, 0% used [0x00000000c4200000,0x00000000c4200000,0x00000000c6a00000)
 Metaspace       used 11018K, capacity 11180K, committed 11392K, reserved 1058816K
  class space    used 1255K, capacity 1319K, committed 1408K, reserved 1048576K
Event: 7.222 GC heap after
Heap after GC invocations=1 (full 0):
 PSYoungGen      total 17920K, used 2553K [0x00000000ec100000, 0x00000000ed500000, 0x0000000100000000)
  eden space 15360K, 0% used [0x00000000ec100000,0x00000000ec100000,0x00000000ed000000)
  from space 2560K, 99% used [0x00000000ed000000,0x00000000ed27e670,0x00000000ed280000)
  to   space 2560K, 0% used [0x00000000ed280000,0x00000000ed280000,0x00000000ed500000)
 ParOldGen       total 40960K, used 2271K [0x00000000c4200000, 0x00000000c6a00000, 0x00000000ec100000)
  object space 40960K, 5% used [0x00000000c4200000,0x00000000c4437d40,0x00000000c6a00000)
 Metaspace       used 11018K, capacity 11180K, committed 11392K, reserved 1058816K
  class space    used 1255K, capacity 1319K, committed 1408K, reserved 1048576K
}
Event: 9.340 GC heap before
{Heap before GC invocations=2 (full 0):
 PSYoungGen      total 17920K, used 17913K [0x00000000ec100000, 0x00000000ed500000, 0x0000000100000000)
  eden space 15360K, 100% used [0x00000000ec100000,0x00000000ed000000,0x00000000ed000000)
  from space 2560K, 99% used [0x00000000ed000000,0x00000000ed27e670,0x00000000ed280000)
  to   space 2560K, 0% used [0x00000000ed280000,0x00000000ed280000,0x00000000ed500000)
 ParOldGen       total 40960K, used 2271K [0x00000000c4200000, 0x00000000c6a00000, 0x00000000ec100000)
  object space 40960K, 5% used [0x00000000c4200000,0x00000000c4437d40,0x00000000c6a00000)
 Metaspace       used 14286K, capacity 14490K, committed 14848K, reserved 1062912K
  class space    used 1629K, capacity 1714K, committed 1792K, reserved 1048576K
Event: 9.357 GC heap after
Heap after GC invocations=2 (full 0):
 PSYoungGen      total 17920K, used 2530K [0x00000000ec100000, 0x00000000ed500000, 0x0000000100000000)
  eden space 15360K, 0% used [0x00000000ec100000,0x00000000ec100000,0x00000000ed000000)
  from space 2560K, 98% used [0x00000000ed280000,0x00000000ed4f8830,0x00000000ed500000)
  to   space 2560K, 0% used [0x00000000ed000000,0x00000000ed000000,0x00000000ed280000)
 ParOldGen       total 40960K, used 9790K [0x00000000c4200000, 0x00000000c6a00000, 0x00000000ec100000)
  object space 40960K, 23% used [0x00000000c4200000,0x00000000c4b8fae8,0x00000000c6a00000)
 Metaspace       used 14286K, capacity 14490K, committed 14848K, reserved 1062912K
  class space    used 1629K, capacity 1714K, committed 1792K, reserved 1048576K
}
Event: 9.554 GC heap before
{Heap before GC invocations=3 (full 0):
 PSYoungGen      total 17920K, used 17035K [0x00000000ec100000, 0x00000000ed500000, 0x0000000100000000)
  eden space 15360K, 94% used [0x00000000ec100000,0x00000000ecf2a798,0x00000000ed000000)
  from space 2560K, 98% used [0x00000000ed280000,0x00000000ed4f8830,0x00000000ed500000)
  to   space 2560K, 0% used [0x00000000ed000000,0x00000000ed000000,0x00000000ed280000)
 ParOldGen       total 40960K, used 9790K [0x00000000c4200000, 0x00000000c6a00000, 0x00000000ec100000)
  object space 40960K, 23% used [0x00000000c4200000,0x00000000c4b8fae8,0x00000000c6a00000)
 Metaspace       used 14807K, capacity 15034K, committed 15232K, reserved 1062912K
  class space    used 1744K, capacity 1810K, committed 1920K, reserved 1048576K
Event: 9.561 GC heap after
Heap after GC invocations=3 (full 0):
 PSYoungGen      total 17920K, used 2544K [0x00000000ec100000, 0x00000000ee400000, 0x0000000100000000)
  eden space 15360K, 0% used [0x00000000ec100000,0x00000000ec100000,0x00000000ed000000)
  from space 2560K, 99% used [0x00000000ed000000,0x00000000ed27c020,0x00000000ed280000)
  to   space 2560K, 0% used [0x00000000ee180000,0x00000000ee180000,0x00000000ee400000)
 ParOldGen       total 40960K, used 15570K [0x00000000c4200000, 0x00000000c6a00000, 0x00000000ec100000)
  object space 40960K, 38% used [0x00000000c4200000,0x00000000c5134b00,0x00000000c6a00000)
 Metaspace       used 14807K, capacity 15034K, committed 15232K, reserved 1062912K
  class space    used 1744K, capacity 1810K, committed 1920K, reserved 1048576K
}

