# JRE version: Java(TM) SE Runtime Environment (8.0_40-b26) (build 1.8.0_40-b26)
# Java VM: Java HotSpot(TM) 64-Bit Server VM (25.40-b25 mixed mode linux-amd64 compressed oops)
Heap:
 PSYoungGen      total 51712K, used 46591K [0x00000000ec100000, 0x00000000f3400000, 0x0000000100000000)
  eden space 51200K, 90% used [0x00000000ec100000,0x00000000eee7fec8,0x00000000ef300000)
  from space 512K, 0% used [0x00000000f3380000,0x00000000f3380000,0x00000000f3400000)
  to   space 512K, 0% used [0x00000000f3300000,0x00000000f3300000,0x00000000f3380000)
 ParOldGen       total 40960K, used 620K [0x00000000c4200000, 0x00000000c6a00000, 0x00000000ec100000)
  object space 40960K, 1% used [0x00000000c4200000,0x00000000c429b068,0x00000000c6a00000)
 Metaspace       used 3893K, capacity 4920K, committed 5120K, reserved 1056768K
  class space    used 385K, capacity 424K, committed 512K, reserved 1048576K
GC Heap History (10 events):
Event: 7.306 GC heap before
{Heap before GC invocations=28 (full 0):
 PSYoungGen      total 62464K, used 61440K [0x00000000ec100000, 0x00000000f3480000, 0x0000000100000000)
  eden space 61440K, 100% used [0x00000000ec100000,0x00000000efd00000,0x00000000efd00000)
  from space 1024K, 0% used [0x00000000f3280000,0x00000000f3280000,0x00000000f3380000)
  to   space 1024K, 0% used [0x00000000f3380000,0x00000000f3380000,0x00000000f3480000)
 ParOldGen       total 40960K, used 620K [0x00000000c4200000, 0x00000000c6a00000, 0x00000000ec100000)
  object space 40960K, 1% used [0x00000000c4200000,0x00000000c429b068,0x00000000c6a00000)
 Metaspace       used 3738K, capacity 4856K, committed 5120K, reserved 1056768K
  class space    used 376K, capacity 424K, committed 512K, reserved 1048576K
Event: 7.307 GC heap after
Heap after GC invocations=28 (full 0):
 PSYoungGen      total 59904K, used 0K [0x00000000ec100000, 0x00000000f3400000, 0x0000000100000000)
  eden space 59392K, 0% used [0x00000000ec100000,0x00000000ec100000,0x00000000efb00000)
  from space 512K, 0% used [0x00000000f3380000,0x00000000f3380000,0x00000000f3400000)
  to   space 512K, 0% used [0x00000000f3300000,0x00000000f3300000,0x00000000f3380000)
 ParOldGen       total 40960K, used 620K [0x00000000c4200000, 0x00000000c6a00000, 0x00000000ec100000)
  object space 40960K, 1% used [0x00000000c4200000,0x00000000c429b068,0x00000000c6a00000)
 Metaspace       used 3738K, capacity 4856K, committed 5120K, reserved 1056768K
  class space    used 376K, capacity 424K, committed 512K, reserved 1048576K
}
Event: 7.508 GC heap before
{Heap before GC invocations=29 (full 0):
 PSYoungGen      total 59904K, used 59392K [0x00000000ec100000, 0x00000000f3400000, 0x0000000100000000)
  eden space 59392K, 100% used [0x00000000ec100000,0x00000000efb00000,0x00000000efb00000)
  from space 512K, 0% used [0x00000000f3380000,0x00000000f3380000,0x00000000f3400000)
  to   space 512K, 0% used [0x00000000f3300000,0x00000000f3300000,0x00000000f3380000)
 ParOldGen       total 40960K, used 620K [0x00000000c4200000, 0x00000000c6a00000, 0x00000000ec100000)
  object space 40960K, 1% used [0x00000000c4200000,0x00000000c429b068,0x00000000c6a00000)
 Metaspace       used 3738K, capacity 4856K, committed 5120K, reserved 1056768K
  class space    used 376K, capacity 424K, committed 512K, reserved 1048576K
Event: 7.509 GC heap after
Heap after GC invocations=29 (full 0):
 PSYoungGen      total 57856K, used 0K [0x00000000ec100000, 0x00000000f3400000, 0x0000000100000000)
  eden space 57344K, 0% used [0x00000000ec100000,0x00000000ec100000,0x00000000ef900000)
  from space 512K, 0% used [0x00000000f3300000,0x00000000f3300000,0x00000000f3380000)
  to   space 512K, 0% used [0x00000000f3380000,0x00000000f3380000,0x00000000f3400000)
 ParOldGen       total 40960K, used 620K [0x00000000c4200000, 0x00000000c6a00000, 0x00000000ec100000)
  object space 40960K, 1% used [0x00000000c4200000,0x00000000c429b068,0x00000000c6a00000)
 Metaspace       used 3738K, capacity 4856K, committed 5120K, reserved 1056768K
  class space    used 376K, capacity 424K, committed 512K, reserved 1048576K
}
Event: 7.699 GC heap before
{Heap before GC invocations=30 (full 0):
 PSYoungGen      total 57856K, used 57344K [0x00000000ec100000, 0x00000000f3400000, 0x0000000100000000)
  eden space 57344K, 100% used [0x00000000ec100000,0x00000000ef900000,0x00000000ef900000)
  from space 512K, 0% used [0x00000000f3300000,0x00000000f3300000,0x00000000f3380000)
  to   space 512K, 0% used [0x00000000f3380000,0x00000000f3380000,0x00000000f3400000)
 ParOldGen       total 40960K, used 620K [0x00000000c4200000, 0x00000000c6a00000, 0x00000000ec100000)
  object space 40960K, 1% used [0x00000000c4200000,0x00000000c429b068,0x00000000c6a00000)
 Metaspace       used 3738K, capacity 4856K, committed 5120K, reserved 1056768K
  class space    used 376K, capacity 424K, committed 512K, reserved 1048576K
Event: 7.700 GC heap after
Heap after GC invocations=30 (full 0):
 PSYoungGen      total 55808K, used 0K [0x00000000ec100000, 0x00000000f3400000, 0x0000000100000000)
  eden space 55296K, 0% used [0x00000000ec100000,0x00000000ec100000,0x00000000ef700000)
  from space 512K, 0% used [0x00000000f3380000,0x00000000f3380000,0x00000000f3400000)
  to   space 512K, 0% used [0x00000000f3300000,0x00000000f3300000,0x00000000f3380000)
 ParOldGen       total 40960K, used 620K [0x00000000c4200000, 0x00000000c6a00000, 0x00000000ec100000)
  object space 40960K, 1% used [0x00000000c4200000,0x00000000c429b068,0x00000000c6a00000)
 Metaspace       used 3738K, capacity 4856K, committed 5120K, reserved 1056768K
  class space    used 376K, capacity 424K, committed 512K, reserved 1048576K
}
Event: 7.895 GC heap before
{Heap before GC invocations=31 (full 0):
 PSYoungGen      total 55808K, used 55296K [0x00000000ec100000, 0x00000000f3400000, 0x0000000100000000)
  eden space 55296K, 100% used [0x00000000ec100000,0x00000000ef700000,0x00000000ef700000)
  from space 512K, 0% used [0x00000000f3380000,0x00000000f3380000,0x00000000f3400000)
  to   space 512K, 0% used [0x00000000f3300000,0x00000000f3300000,0x00000000f3380000)
 ParOldGen       total 40960K, used 620K [0x00000000c4200000, 0x00000000c6a00000, 0x00000000ec100000)
  object space 40960K, 1% used [0x00000000c4200000,0x00000000c429b068,0x00000000c6a00000)
 Metaspace       used 3738K, capacity 4856K, committed 5120K, reserved 1056768K
  class space    used 376K, capacity 424K, committed 512K, reserved 1048576K
Event: 7.896 GC heap after
Heap after GC invocations=31 (full 0):
 PSYoungGen      total 53760K, used 0K [0x00000000ec100000, 0x00000000f3400000, 0x0000000100000000)
  eden space 53248K, 0% used [0x00000000ec100000,0x00000000ec100000,0x00000000ef500000)
  from space 512K, 0% used [0x00000000f3300000,0x00000000f3300000,0x00000000f3380000)
  to   space 512K, 0% used [0x00000000f3380000,0x00000000f3380000,0x00000000f3400000)
 ParOldGen       total 40960K, used 620K [0x00000000c4200000, 0x00000000c6a00000, 0x00000000ec100000)
  object space 40960K, 1% used [0x00000000c4200000,0x00000000c429b068,0x00000000c6a00000)
 Metaspace       used 3738K, capacity 4856K, committed 5120K, reserved 1056768K
  class space    used 376K, capacity 424K, committed 512K, reserved 1048576K
}
Event: 8.080 GC heap before
{Heap before GC invocations=32 (full 0):
 PSYoungGen      total 53760K, used 53248K [0x00000000ec100000, 0x00000000f3400000, 0x0000000100000000)
  eden space 53248K, 100% used [0x00000000ec100000,0x00000000ef500000,0x00000000ef500000)
  from space 512K, 0% used [0x00000000f3300000,0x00000000f3300000,0x00000000f3380000)
  to   space 512K, 0% used [0x00000000f3380000,0x00000000f3380000,0x00000000f3400000)
 ParOldGen       total 40960K, used 620K [0x00000000c4200000, 0x00000000c6a00000, 0x00000000ec100000)
  object space 40960K, 1% used [0x00000000c4200000,0x00000000c429b068,0x00000000c6a00000)
 Metaspace       used 3738K, capacity 4856K, committed 5120K, reserved 1056768K
  class space    used 376K, capacity 424K, committed 512K, reserved 1048576K
Event: 8.081 GC heap after
Heap after GC invocations=32 (full 0):
 PSYoungGen      total 51712K, used 0K [0x00000000ec100000, 0x00000000f3400000, 0x0000000100000000)
  eden space 51200K, 0% used [0x00000000ec100000,0x00000000ec100000,0x00000000ef300000)
  from space 512K, 0% used [0x00000000f3380000,0x00000000f3380000,0x00000000f3400000)
  to   space 512K, 0% used [0x00000000f3300000,0x00000000f3300000,0x00000000f3380000)
 ParOldGen       total 40960K, used 620K [0x00000000c4200000, 0x00000000c6a00000, 0x00000000ec100000)
  object space 40960K, 1% used [0x00000000c4200000,0x00000000c429b068,0x00000000c6a00000)
 Metaspace       used 3738K, capacity 4856K, committed 5120K, reserved 1056768K
  class space    used 376K, capacity 424K, committed 512K, reserved 1048576K
}

