# JRE version: Java(TM) SE Runtime Environment (8.0_40-b26) (build 1.8.0_40-b26)
# Java VM: Java HotSpot(TM) 64-Bit Server VM (25.40-b25 mixed mode linux-amd64 compressed oops)
Heap:
 PSYoungGen      total 50176K, used 8442K [0x00000000ec100000, 0x00000000f7e80000, 0x0000000100000000)
  eden space 49664K, 17% used [0x00000000ec100000,0x00000000ec93ebc8,0x00000000ef180000)
  from space 512K, 0% used [0x00000000f7e00000,0x00000000f7e00000,0x00000000f7e80000)
  to   space 512K, 0% used [0x00000000f7d80000,0x00000000f7d80000,0x00000000f7e00000)
 ParOldGen       total 40960K, used 616K [0x00000000c4200000, 0x00000000c6a00000, 0x00000000ec100000)
  object space 40960K, 1% used [0x00000000c4200000,0x00000000c429a078,0x00000000c6a00000)
 Metaspace       used 3909K, capacity 4920K, committed 5120K, reserved 1056768K
  class space    used 385K, capacity 424K, committed 512K, reserved 1048576K
GC Heap History (10 events):
Event: 7.094 GC heap before
{Heap before GC invocations=28 (full 0):
 PSYoungGen      total 60416K, used 59392K [0x00000000ec100000, 0x00000000f7e80000, 0x0000000100000000)
  eden space 59392K, 100% used [0x00000000ec100000,0x00000000efb00000,0x00000000efb00000)
  from space 1024K, 0% used [0x00000000f7c80000,0x00000000f7c80000,0x00000000f7d80000)
  to   space 512K, 0% used [0x00000000f7e00000,0x00000000f7e00000,0x00000000f7e80000)
 ParOldGen       total 40960K, used 616K [0x00000000c4200000, 0x00000000c6a00000, 0x00000000ec100000)
  object space 40960K, 1% used [0x00000000c4200000,0x00000000c429a078,0x00000000c6a00000)
 Metaspace       used 3749K, capacity 4856K, committed 5120K, reserved 1056768K
  class space    used 376K, capacity 424K, committed 512K, reserved 1048576K
Event: 7.095 GC heap after
Heap after GC invocations=28 (full 0):
 PSYoungGen      total 57856K, used 0K [0x00000000ec100000, 0x00000000f7e80000, 0x0000000100000000)
  eden space 57344K, 0% used [0x00000000ec100000,0x00000000ec100000,0x00000000ef900000)
  from space 512K, 0% used [0x00000000f7e00000,0x00000000f7e00000,0x00000000f7e80000)
  to   space 512K, 0% used [0x00000000f7d80000,0x00000000f7d80000,0x00000000f7e00000)
 ParOldGen       total 40960K, used 616K [0x00000000c4200000, 0x00000000c6a00000, 0x00000000ec100000)
  object space 40960K, 1% used [0x00000000c4200000,0x00000000c429a078,0x00000000c6a00000)
 Metaspace       used 3749K, capacity 4856K, committed 5120K, reserved 1056768K
  class space    used 376K, capacity 424K, committed 512K, reserved 1048576K
}
Event: 7.285 GC heap before
{Heap before GC invocations=29 (full 0):
 PSYoungGen      total 57856K, used 57344K [0x00000000ec100000, 0x00000000f7e80000, 0x0000000100000000)
  eden space 57344K, 100% used [0x00000000ec100000,0x00000000ef900000,0x00000000ef900000)
  from space 512K, 0% used [0x00000000f7e00000,0x00000000f7e00000,0x00000000f7e80000)
  to   space 512K, 0% used [0x00000000f7d80000,0x00000000f7d80000,0x00000000f7e00000)
 ParOldGen       total 40960K, used 616K [0x00000000c4200000, 0x00000000c6a00000, 0x00000000ec100000)
  object space 40960K, 1% used [0x00000000c4200000,0x00000000c429a078,0x00000000c6a00000)
 Metaspace       used 3749K, capacity 4856K, committed 5120K, reserved 1056768K
  class space    used 376K, capacity 424K, committed 512K, reserved 1048576K
Event: 7.286 GC heap after
Heap after GC invocations=29 (full 0):
 PSYoungGen      total 55808K, used 0K [0x00000000ec100000, 0x00000000f7e80000, 0x0000000100000000)
  eden space 55296K, 0% used [0x00000000ec100000,0x00000000ec100000,0x00000000ef700000)
  from space 512K, 0% used [0x00000000f7d80000,0x00000000f7d80000,0x00000000f7e00000)
  to   space 512K, 0% used [0x00000000f7e00000,0x00000000f7e00000,0x00000000f7e80000)
 ParOldGen       total 40960K, used 616K [0x00000000c4200000, 0x00000000c6a00000, 0x00000000ec100000)
  object space 40960K, 1% used [0x00000000c4200000,0x00000000c429a078,0x00000000c6a00000)
 Metaspace       used 3749K, capacity 4856K, committed 5120K, reserved 1056768K
  class space    used 376K, capacity 424K, committed 512K, reserved 1048576K
}
Event: 7.468 GC heap before
{Heap before GC invocations=30 (full 0):
 PSYoungGen      total 55808K, used 55296K [0x00000000ec100000, 0x00000000f7e80000, 0x0000000100000000)
  eden space 55296K, 100% used [0x00000000ec100000,0x00000000ef700000,0x00000000ef700000)
  from space 512K, 0% used [0x00000000f7d80000,0x00000000f7d80000,0x00000000f7e00000)
  to   space 512K, 0% used [0x00000000f7e00000,0x00000000f7e00000,0x00000000f7e80000)
 ParOldGen       total 40960K, used 616K [0x00000000c4200000, 0x00000000c6a00000, 0x00000000ec100000)
  object space 40960K, 1% used [0x00000000c4200000,0x00000000c429a078,0x00000000c6a00000)
 Metaspace       used 3749K, capacity 4856K, committed 5120K, reserved 1056768K
  class space    used 376K, capacity 424K, committed 512K, reserved 1048576K
Event: 7.469 GC heap after
Heap after GC invocations=30 (full 0):
 PSYoungGen      total 53760K, used 0K [0x00000000ec100000, 0x00000000f7e80000, 0x0000000100000000)
  eden space 53248K, 0% used [0x00000000ec100000,0x00000000ec100000,0x00000000ef500000)
  from space 512K, 0% used [0x00000000f7e00000,0x00000000f7e00000,0x00000000f7e80000)
  to   space 512K, 0% used [0x00000000f7d80000,0x00000000f7d80000,0x00000000f7e00000)
 ParOldGen       total 40960K, used 616K [0x00000000c4200000, 0x00000000c6a00000, 0x00000000ec100000)
  object space 40960K, 1% used [0x00000000c4200000,0x00000000c429a078,0x00000000c6a00000)
 Metaspace       used 3749K, capacity 4856K, committed 5120K, reserved 1056768K
  class space    used 376K, capacity 424K, committed 512K, reserved 1048576K
}
Event: 7.644 GC heap before
{Heap before GC invocations=31 (full 0):
 PSYoungGen      total 53760K, used 53248K [0x00000000ec100000, 0x00000000f7e80000, 0x0000000100000000)
  eden space 53248K, 100% used [0x00000000ec100000,0x00000000ef500000,0x00000000ef500000)
  from space 512K, 0% used [0x00000000f7e00000,0x00000000f7e00000,0x00000000f7e80000)
  to   space 512K, 0% used [0x00000000f7d80000,0x00000000f7d80000,0x00000000f7e00000)
 ParOldGen       total 40960K, used 616K [0x00000000c4200000, 0x00000000c6a00000, 0x00000000ec100000)
  object space 40960K, 1% used [0x00000000c4200000,0x00000000c429a078,0x00000000c6a00000)
 Metaspace       used 3749K, capacity 4856K, committed 5120K, reserved 1056768K
  class space    used 376K, capacity 424K, committed 512K, reserved 1048576K
Event: 7.645 GC heap after
Heap after GC invocations=31 (full 0):
 PSYoungGen      total 51712K, used 0K [0x00000000ec100000, 0x00000000f7e80000, 0x0000000100000000)
  eden space 51200K, 0% used [0x00000000ec100000,0x00000000ec100000,0x00000000ef300000)
  from space 512K, 0% used [0x00000000f7d80000,0x00000000f7d80000,0x00000000f7e00000)
  to   space 512K, 0% used [0x00000000f7e00000,0x00000000f7e00000,0x00000000f7e80000)
 ParOldGen       total 40960K, used 616K [0x00000000c4200000, 0x00000000c6a00000, 0x00000000ec100000)
  object space 40960K, 1% used [0x00000000c4200000,0x00000000c429a078,0x00000000c6a00000)
 Metaspace       used 3749K, capacity 4856K, committed 5120K, reserved 1056768K
  class space    used 376K, capacity 424K, committed 512K, reserved 1048576K
}
Event: 7.815 GC heap before
{Heap before GC invocations=32 (full 0):
 PSYoungGen      total 51712K, used 51200K [0x00000000ec100000, 0x00000000f7e80000, 0x0000000100000000)
  eden space 51200K, 100% used [0x00000000ec100000,0x00000000ef300000,0x00000000ef300000)
  from space 512K, 0% used [0x00000000f7d80000,0x00000000f7d80000,0x00000000f7e00000)
  to   space 512K, 0% used [0x00000000f7e00000,0x00000000f7e00000,0x00000000f7e80000)
 ParOldGen       total 40960K, used 616K [0x00000000c4200000, 0x00000000c6a00000, 0x00000000ec100000)
  object space 40960K, 1% used [0x00000000c4200000,0x00000000c429a078,0x00000000c6a00000)
 Metaspace       used 3749K, capacity 4856K, committed 5120K, reserved 1056768K
  class space    used 376K, capacity 424K, committed 512K, reserved 1048576K
Event: 7.817 GC heap after
Heap after GC invocations=32 (full 0):
 PSYoungGen      total 50176K, used 0K [0x00000000ec100000, 0x00000000f7e80000, 0x0000000100000000)
  eden space 49664K, 0% used [0x00000000ec100000,0x00000000ec100000,0x00000000ef180000)
  from space 512K, 0% used [0x00000000f7e00000,0x00000000f7e00000,0x00000000f7e80000)
  to   space 512K, 0% used [0x00000000f7d80000,0x00000000f7d80000,0x00000000f7e00000)
 ParOldGen       total 40960K, used 616K [0x00000000c4200000, 0x00000000c6a00000, 0x00000000ec100000)
  object space 40960K, 1% used [0x00000000c4200000,0x00000000c429a078,0x00000000c6a00000)
 Metaspace       used 3749K, capacity 4856K, committed 5120K, reserved 1056768K
  class space    used 376K, capacity 424K, committed 512K, reserved 1048576K
}

